<?xml version="1.0" encoding="UTF-8"?>
<!-- Generated by org.testng.reporters.JUnitReportReporter -->
<testsuite skipped="0" hostname="DESKTOP-P4V00TR" name="softtest.PomGoogleTest2" tests="1" failures="0" timestamp="08 Apr 2018 14:19:56 GMT" time="2.391" errors="0">
  <testcase name="googleTest" time="2.391" classname="softtest.PomGoogleTest2"/>
</testsuite> <!-- softtest.PomGoogleTest2 -->
