<?xml version="1.0" encoding="UTF-8"?>
<!-- Generated by org.testng.reporters.JUnitReportReporter -->
<testsuite skipped="0" hostname="DESKTOP-P4V00TR" name="softtest.FacebookLoginTest" tests="1" failures="0" timestamp="28 Feb 2018 08:43:18 GMT" time="24.163" errors="0">
  <testcase name="testTrial" time="24.163" classname="softtest.FacebookLoginTest"/>
</testsuite> <!-- softtest.FacebookLoginTest -->
