<?xml version="1.0" encoding="UTF-8"?>
<!-- Generated by org.testng.reporters.JUnitReportReporter -->
<testsuite skipped="0" hostname="DESKTOP-P4V00TR" name="softtest.Softtest247LoginTest" tests="1" failures="0" timestamp="27 Feb 2018 17:06:36 GMT" time="3.423" errors="0">
  <testcase name="testTrial" time="3.423" classname="softtest.Softtest247LoginTest"/>
</testsuite> <!-- softtest.Softtest247LoginTest -->
