<?xml version="1.0" encoding="UTF-8"?>
<!-- Generated by org.testng.reporters.JUnitReportReporter -->
<testsuite skipped="0" hostname="DESKTOP-P4V00TR" name="softtest.SmokeTest" tests="1" failures="0" timestamp="26 Feb 2018 19:14:55 GMT" time="0.002" errors="0">
  <testcase name="MyTest" time="0.002" classname="softtest.SmokeTest"/>
</testsuite> <!-- softtest.SmokeTest -->
