<?xml version="1.0" encoding="UTF-8"?>
<!-- Generated by org.testng.reporters.JUnitReportReporter -->
<testsuite skipped="0" hostname="DESKTOP-P4V00TR" name="softtest.LoginTest" tests="3" failures="0" timestamp="26 Feb 2018 19:31:23 GMT" time="3.017" errors="0">
  <testcase name="searchKeywordSuccess" time="0.099" classname="softtest.LoginTest"/>
  <testcase name="googleHome" time="1.150" classname="softtest.LoginTest"/>
  <testcase name="searchKeyword" time="1.768" classname="softtest.LoginTest"/>
</testsuite> <!-- softtest.LoginTest -->
